2024-06-27 10:38:59,853 - INFO - Using device: cuda:0
2024-06-27 10:38:59,906 - INFO - Shuffling data with seed 62
2024-06-27 10:39:00,016 - INFO - Shuffling data with seed 62
2024-06-27 10:39:03,050 - INFO - Epoch 0 starting...
2024-06-27 10:39:04,775 - INFO - Test accuracy: 58.66
2024-06-27 10:39:04,775 - INFO - Test value: 0.88, p_value: 0.0003070448492757641, ema: 0.0, risk_score: 0.45
2024-06-27 10:39:04,777 - INFO - Model weights saved to ./weightqnoqo/saved_modelpathqf100unlearningkd25/model_epoch_0.pth
2024-06-27 10:39:05,928 - INFO - Test accuracy: (26.44, 0.2644)
2024-06-27 10:39:05,928 - INFO - After domain adaptation test value: 0.48, p_value: 2.318511526650511e-20, ema: 0.0, risk_score: 0.25
2024-06-27 10:39:05,930 - INFO - Model weights after domain adaptation saved to ./weightqnoqo/saved_modelpathqf100domainkd25/model_epoch_0.pth
2024-06-27 10:39:05,930 - INFO - Epoch 1 starting...
2024-06-27 10:39:07,567 - INFO - Test accuracy: 67.68
2024-06-27 10:39:07,567 - INFO - Test value: 0.91, p_value: 0.0020183097792884925, ema: 0.0, risk_score: 0.67
2024-06-27 10:39:07,570 - INFO - Model weights saved to ./weightqnoqo/saved_modelpathqf100unlearningkd25/model_epoch_1.pth
2024-06-27 10:39:08,755 - INFO - Test accuracy: (39.36, 0.3936)
2024-06-27 10:39:08,755 - INFO - After domain adaptation test value: 0.63, p_value: 9.955350375869961e-13, ema: 0.0, risk_score: 0.26
2024-06-27 10:39:08,758 - INFO - Model weights after domain adaptation saved to ./weightqnoqo/saved_modelpathqf100domainkd25/model_epoch_1.pth
2024-06-27 10:39:08,758 - INFO - Epoch 2 starting...
2024-06-27 10:39:10,392 - INFO - Test accuracy: 66.88
2024-06-27 10:39:10,392 - INFO - Test value: 0.82, p_value: 5.754351763603632e-06, ema: 0.0, risk_score: 0.54
2024-06-27 10:39:10,395 - INFO - Model weights saved to ./weightqnoqo/saved_modelpathqf100unlearningkd25/model_epoch_2.pth
2024-06-27 10:39:11,570 - INFO - Test accuracy: (31.76, 0.3176)
2024-06-27 10:39:11,570 - INFO - After domain adaptation test value: 0.43, p_value: 1.220819215331023e-23, ema: 0.0, risk_score: 0.26
2024-06-27 10:39:11,573 - INFO - Model weights after domain adaptation saved to ./weightqnoqo/saved_modelpathqf100domainkd25/model_epoch_2.pth
2024-06-27 10:39:11,573 - INFO - Epoch 3 starting...
2024-06-27 10:39:13,204 - INFO - Test accuracy: 70.92
2024-06-27 10:39:13,204 - INFO - Test value: 0.79, p_value: 6.885523327404269e-07, ema: 0.0, risk_score: 0.39
2024-06-27 10:39:13,207 - INFO - Model weights saved to ./weightqnoqo/saved_modelpathqf100unlearningkd25/model_epoch_3.pth
2024-06-27 10:39:14,358 - INFO - Test accuracy: (42.96, 0.4296)
2024-06-27 10:39:14,358 - INFO - After domain adaptation test value: 0.72, p_value: 3.1425445104610298e-09, ema: 0.0, risk_score: 0.26
2024-06-27 10:39:14,360 - INFO - Model weights after domain adaptation saved to ./weightqnoqo/saved_modelpathqf100domainkd25/model_epoch_3.pth
2024-06-27 10:39:14,360 - INFO - Epoch 4 starting...
2024-06-27 10:39:16,019 - INFO - Test accuracy: 70.66
2024-06-27 10:39:16,019 - INFO - Test value: 0.87, p_value: 0.00016170278599818196, ema: 0.0, risk_score: 0.68
2024-06-27 10:39:16,022 - INFO - Model weights saved to ./weightqnoqo/saved_modelpathqf100unlearningkd25/model_epoch_4.pth
2024-06-27 10:39:17,217 - INFO - Test accuracy: (46.74, 0.4674)
2024-06-27 10:39:17,217 - INFO - After domain adaptation test value: 0.68, p_value: 1.0449223161892874e-10, ema: 0.0, risk_score: 0.36
2024-06-27 10:39:17,220 - INFO - Model weights after domain adaptation saved to ./weightqnoqo/saved_modelpathqf100domainkd25/model_epoch_4.pth
2024-06-27 10:39:17,220 - INFO - Epoch 5 starting...
2024-06-27 10:39:18,852 - INFO - Test accuracy: 73.16
2024-06-27 10:39:18,852 - INFO - Test value: 0.87, p_value: 0.00016170278599818107, ema: 0.0, risk_score: 0.69
2024-06-27 10:39:18,854 - INFO - Model weights saved to ./weightqnoqo/saved_modelpathqf100unlearningkd25/model_epoch_5.pth
2024-06-27 10:39:20,012 - INFO - Test accuracy: (42.54, 0.4254)
2024-06-27 10:39:20,012 - INFO - After domain adaptation test value: 0.63, p_value: 9.955350375869961e-13, ema: 0.0, risk_score: 0.35
2024-06-27 10:39:20,014 - INFO - Model weights after domain adaptation saved to ./weightqnoqo/saved_modelpathqf100domainkd25/model_epoch_5.pth
2024-06-27 10:39:20,014 - INFO - Epoch 6 starting...
2024-06-27 10:39:21,641 - INFO - Test accuracy: 75.04
2024-06-27 10:39:21,641 - INFO - Test value: 0.92, p_value: 0.003740615136113646, ema: 0.0, risk_score: 0.64
2024-06-27 10:39:21,643 - INFO - Model weights saved to ./weightqnoqo/saved_modelpathqf100unlearningkd25/model_epoch_6.pth
2024-06-27 10:39:22,786 - INFO - Test accuracy: (24.1, 0.241)
2024-06-27 10:39:22,786 - INFO - After domain adaptation test value: 0.59, p_value: 1.657019668191868e-14, ema: 0.0, risk_score: 0.18
2024-06-27 10:39:22,789 - INFO - Model weights after domain adaptation saved to ./weightqnoqo/saved_modelpathqf100domainkd25/model_epoch_6.pth
2024-06-27 10:39:22,789 - INFO - Epoch 7 starting...
2024-06-27 10:39:24,419 - INFO - Test accuracy: 69.22
2024-06-27 10:39:24,419 - INFO - Test value: 0.77, p_value: 1.5771887371765314e-07, ema: 0.0, risk_score: 0.61
2024-06-27 10:39:24,421 - INFO - Model weights saved to ./weightqnoqo/saved_modelpathqf100unlearningkd25/model_epoch_7.pth
2024-06-27 10:39:25,548 - INFO - Test accuracy: (49.46, 0.4946)
2024-06-27 10:39:25,548 - INFO - After domain adaptation test value: 0.78, p_value: 3.3157098737241644e-07, ema: 0.0, risk_score: 0.43
2024-06-27 10:39:25,550 - INFO - Model weights after domain adaptation saved to ./weightqnoqo/saved_modelpathqf100domainkd25/model_epoch_7.pth
2024-06-27 10:39:25,550 - INFO - Epoch 8 starting...
2024-06-27 10:39:27,171 - INFO - Test accuracy: 73.44
2024-06-27 10:39:27,171 - INFO - Test value: 0.82, p_value: 5.754351763603632e-06, ema: 0.0, risk_score: 0.77
2024-06-27 10:39:27,173 - INFO - Model weights saved to ./weightqnoqo/saved_modelpathqf100unlearningkd25/model_epoch_8.pth
2024-06-27 10:39:28,296 - INFO - Test accuracy: (41.94, 0.4194)
2024-06-27 10:39:28,296 - INFO - After domain adaptation test value: 0.91, p_value: 0.0020183097792884925, ema: 0.0, risk_score: 0.46
2024-06-27 10:39:28,298 - INFO - Model weights after domain adaptation saved to ./weightqnoqo/saved_modelpathqf100domainkd25/model_epoch_8.pth
2024-06-27 10:39:28,298 - INFO - Epoch 9 starting...
2024-06-27 10:39:29,979 - INFO - Test accuracy: 75.0
2024-06-27 10:39:29,979 - INFO - Test value: 0.89, p_value: 0.0005787937375772045, ema: 0.0, risk_score: 0.63
2024-06-27 10:39:29,982 - INFO - Model weights saved to ./weightqnoqo/saved_modelpathqf100unlearningkd25/model_epoch_9.pth
2024-06-27 10:39:31,112 - INFO - Test accuracy: (40.66, 0.4066)
2024-06-27 10:39:31,112 - INFO - After domain adaptation test value: 0.81, p_value: 2.867149993466694e-06, ema: 0.0, risk_score: 0.31
2024-06-27 10:39:31,114 - INFO - Model weights after domain adaptation saved to ./weightqnoqo/saved_modelpathqf100domainkd25/model_epoch_9.pth
2024-06-27 10:39:31,114 - INFO - Epoch 10 starting...
2024-06-27 10:39:32,736 - INFO - Test accuracy: 71.14
2024-06-27 10:39:32,736 - INFO - Test value: 0.8, p_value: 1.41306701909054e-06, ema: 0.0, risk_score: 0.66
2024-06-27 10:39:32,739 - INFO - Model weights saved to ./weightqnoqo/saved_modelpathqf100unlearningkd25/model_epoch_10.pth
2024-06-27 10:39:33,866 - INFO - Test accuracy: (43.64, 0.4364)
2024-06-27 10:39:33,866 - INFO - After domain adaptation test value: 0.53, p_value: 1.6804170428884675e-17, ema: 0.0, risk_score: 0.23
2024-06-27 10:39:33,869 - INFO - Model weights after domain adaptation saved to ./weightqnoqo/saved_modelpathqf100domainkd25/model_epoch_10.pth
2024-06-27 10:39:33,869 - INFO - Epoch 11 starting...
2024-06-27 10:39:35,493 - INFO - Test accuracy: 75.3
2024-06-27 10:39:35,493 - INFO - Test value: 0.81, p_value: 2.867149993466694e-06, ema: 0.0, risk_score: 0.68
2024-06-27 10:39:35,495 - INFO - Model weights saved to ./weightqnoqo/saved_modelpathqf100unlearningkd25/model_epoch_11.pth
2024-06-27 10:39:36,641 - INFO - Test accuracy: (45.74, 0.4574)
2024-06-27 10:39:36,641 - INFO - After domain adaptation test value: 0.65, p_value: 6.78458882321675e-12, ema: 0.0, risk_score: 0.31
2024-06-27 10:39:36,643 - INFO - Model weights after domain adaptation saved to ./weightqnoqo/saved_modelpathqf100domainkd25/model_epoch_11.pth
2024-06-27 10:39:36,643 - INFO - Epoch 12 starting...
2024-06-27 10:39:38,270 - INFO - Test accuracy: 75.92
2024-06-27 10:39:38,270 - INFO - Test value: 0.85, p_value: 4.377094840750872e-05, ema: 0.0, risk_score: 0.67
2024-06-27 10:39:38,272 - INFO - Model weights saved to ./weightqnoqo/saved_modelpathqf100unlearningkd25/model_epoch_12.pth
2024-06-27 10:39:39,402 - INFO - Test accuracy: (50.02, 0.5002)
2024-06-27 10:39:39,402 - INFO - After domain adaptation test value: 0.66, p_value: 1.7196200799007164e-11, ema: 0.0, risk_score: 0.35
2024-06-27 10:39:39,404 - INFO - Model weights after domain adaptation saved to ./weightqnoqo/saved_modelpathqf100domainkd25/model_epoch_12.pth
2024-06-27 10:39:39,404 - INFO - Epoch 13 starting...
2024-06-27 10:39:41,075 - INFO - Test accuracy: 79.02
2024-06-27 10:39:41,075 - INFO - Test value: 0.91, p_value: 0.0020183097792884925, ema: 0.0, risk_score: 0.48
2024-06-27 10:39:41,078 - INFO - Model weights saved to ./weightqnoqo/saved_modelpathqf100unlearningkd25/model_epoch_13.pth
2024-06-27 10:39:42,299 - INFO - Test accuracy: (35.72, 0.3572)
2024-06-27 10:39:42,299 - INFO - After domain adaptation test value: 0.7, p_value: 5.920370902054984e-10, ema: 0.0, risk_score: 0.29
2024-06-27 10:39:42,302 - INFO - Model weights after domain adaptation saved to ./weightqnoqo/saved_modelpathqf100domainkd25/model_epoch_13.pth
2024-06-27 10:39:42,302 - INFO - Epoch 14 starting...
2024-06-27 10:39:43,943 - INFO - Test accuracy: 76.64
2024-06-27 10:39:43,943 - INFO - Test value: 0.91, p_value: 0.0020183097792884834, ema: 0.0, risk_score: 0.61
2024-06-27 10:39:43,945 - INFO - Model weights saved to ./weightqnoqo/saved_modelpathqf100unlearningkd25/model_epoch_14.pth
2024-06-27 10:39:45,095 - INFO - Test accuracy: (48.98, 0.4898)
2024-06-27 10:39:45,095 - INFO - After domain adaptation test value: 0.86, p_value: 8.44880403155408e-05, ema: 0.0, risk_score: 0.32
2024-06-27 10:39:45,097 - INFO - Model weights after domain adaptation saved to ./weightqnoqo/saved_modelpathqf100domainkd25/model_epoch_14.pth
2024-06-27 10:39:45,097 - INFO - Epoch 15 starting...
2024-06-27 10:39:46,734 - INFO - Test accuracy: 78.52
2024-06-27 10:39:46,734 - INFO - Test value: 0.88, p_value: 0.0003070448492757641, ema: 0.0, risk_score: 0.73
2024-06-27 10:39:46,736 - INFO - Model weights saved to ./weightqnoqo/saved_modelpathqf100unlearningkd25/model_epoch_15.pth
2024-06-27 10:39:47,907 - INFO - Test accuracy: (39.5, 0.395)
2024-06-27 10:39:47,907 - INFO - After domain adaptation test value: 0.45, p_value: 2.8487464709233046e-22, ema: 0.0, risk_score: 0.19
2024-06-27 10:39:47,909 - INFO - Model weights after domain adaptation saved to ./weightqnoqo/saved_modelpathqf100domainkd25/model_epoch_15.pth
2024-06-27 10:39:47,909 - INFO - Epoch 16 starting...
2024-06-27 10:39:49,536 - INFO - Test accuracy: 78.28
2024-06-27 10:39:49,536 - INFO - Test value: 0.9, p_value: 0.0010839188684851006, ema: 0.0, risk_score: 0.59
2024-06-27 10:39:49,539 - INFO - Model weights saved to ./weightqnoqo/saved_modelpathqf100unlearningkd25/model_epoch_16.pth
2024-06-27 10:39:50,692 - INFO - Test accuracy: (37.26, 0.3726)
2024-06-27 10:39:50,692 - INFO - After domain adaptation test value: 0.56, p_value: 5.967338246708259e-16, ema: 0.0, risk_score: 0.25
2024-06-27 10:39:50,694 - INFO - Model weights after domain adaptation saved to ./weightqnoqo/saved_modelpathqf100domainkd25/model_epoch_16.pth
2024-06-27 10:39:50,694 - INFO - Epoch 17 starting...
2024-06-27 10:39:52,328 - INFO - Test accuracy: 75.18
2024-06-27 10:39:52,328 - INFO - Test value: 0.88, p_value: 0.0003070448492757641, ema: 0.0, risk_score: 0.67
2024-06-27 10:39:52,330 - INFO - Model weights saved to ./weightqnoqo/saved_modelpathqf100unlearningkd25/model_epoch_17.pth
2024-06-27 10:39:53,472 - INFO - Test accuracy: (29.68, 0.2968)
2024-06-27 10:39:53,472 - INFO - After domain adaptation test value: 0.82, p_value: 5.754351763603632e-06, ema: 0.0, risk_score: 0.5
2024-06-27 10:39:53,474 - INFO - Model weights after domain adaptation saved to ./weightqnoqo/saved_modelpathqf100domainkd25/model_epoch_17.pth
2024-06-27 10:39:53,474 - INFO - Epoch 18 starting...
2024-06-27 10:39:55,160 - INFO - Test accuracy: 80.2
2024-06-27 10:39:55,160 - INFO - Test value: 0.89, p_value: 0.0005787937375772045, ema: 0.0, risk_score: 0.49
2024-06-27 10:39:55,162 - INFO - Model weights saved to ./weightqnoqo/saved_modelpathqf100unlearningkd25/model_epoch_18.pth
2024-06-27 10:39:56,312 - INFO - Test accuracy: (43.1, 0.431)
2024-06-27 10:39:56,312 - INFO - After domain adaptation test value: 0.6, p_value: 4.7738117806692215e-14, ema: 0.0, risk_score: 0.22
2024-06-27 10:39:56,314 - INFO - Model weights after domain adaptation saved to ./weightqnoqo/saved_modelpathqf100domainkd25/model_epoch_18.pth
2024-06-27 10:39:56,315 - INFO - Epoch 19 starting...
2024-06-27 10:39:57,949 - INFO - Test accuracy: 76.0
2024-06-27 10:39:57,949 - INFO - Test value: 0.82, p_value: 5.754351763603632e-06, ema: 0.0, risk_score: 0.55
2024-06-27 10:39:57,952 - INFO - Model weights saved to ./weightqnoqo/saved_modelpathqf100unlearningkd25/model_epoch_19.pth
2024-06-27 10:39:59,094 - INFO - Test accuracy: (59.48, 0.5948)
2024-06-27 10:39:59,094 - INFO - After domain adaptation test value: 0.83, p_value: 1.1428753275596726e-05, ema: 0.0, risk_score: 0.46
2024-06-27 10:39:59,096 - INFO - Model weights after domain adaptation saved to ./weightqnoqo/saved_modelpathqf100domainkd25/model_epoch_19.pth
2024-06-27 10:39:59,097 - INFO - Epoch 20 starting...
2024-06-27 10:40:00,733 - INFO - Test accuracy: 78.52
2024-06-27 10:40:00,733 - INFO - Test value: 0.83, p_value: 1.1428753275596726e-05, ema: 0.0, risk_score: 0.61
2024-06-27 10:40:00,735 - INFO - Model weights saved to ./weightqnoqo/saved_modelpathqf100unlearningkd25/model_epoch_20.pth
2024-06-27 10:40:01,879 - INFO - Test accuracy: (43.58, 0.4358)
2024-06-27 10:40:01,879 - INFO - After domain adaptation test value: 0.54, p_value: 5.68699490027895e-17, ema: 0.0, risk_score: 0.25
2024-06-27 10:40:01,882 - INFO - Model weights after domain adaptation saved to ./weightqnoqo/saved_modelpathqf100domainkd25/model_epoch_20.pth
2024-06-27 10:40:01,882 - INFO - Epoch 21 starting...
2024-06-27 10:40:03,516 - INFO - Test accuracy: 78.92
2024-06-27 10:40:03,516 - INFO - Test value: 0.86, p_value: 8.44880403155408e-05, ema: 0.0, risk_score: 0.65
2024-06-27 10:40:03,518 - INFO - Model weights saved to ./weightqnoqo/saved_modelpathqf100unlearningkd25/model_epoch_21.pth
2024-06-27 10:40:04,650 - INFO - Test accuracy: (42.56, 0.4256)
2024-06-27 10:40:04,650 - INFO - After domain adaptation test value: 0.77, p_value: 1.5771887371765314e-07, ema: 0.0, risk_score: 0.24
2024-06-27 10:40:04,652 - INFO - Model weights after domain adaptation saved to ./weightqnoqo/saved_modelpathqf100domainkd25/model_epoch_21.pth
2024-06-27 10:40:04,652 - INFO - Epoch 22 starting...
2024-06-27 10:40:06,294 - INFO - Test accuracy: 77.42
2024-06-27 10:40:06,294 - INFO - Test value: 0.83, p_value: 1.1428753275596726e-05, ema: 0.0, risk_score: 0.58
2024-06-27 10:40:06,297 - INFO - Model weights saved to ./weightqnoqo/saved_modelpathqf100unlearningkd25/model_epoch_22.pth
2024-06-27 10:40:07,525 - INFO - Test accuracy: (37.46, 0.3746)
2024-06-27 10:40:07,525 - INFO - After domain adaptation test value: 0.46, p_value: 1.2866965296964952e-21, ema: 0.0, risk_score: 0.2
2024-06-27 10:40:07,527 - INFO - Model weights after domain adaptation saved to ./weightqnoqo/saved_modelpathqf100domainkd25/model_epoch_22.pth
2024-06-27 10:40:07,527 - INFO - Epoch 23 starting...
2024-06-27 10:40:09,194 - INFO - Test accuracy: 78.48
2024-06-27 10:40:09,194 - INFO - Test value: 0.93, p_value: 0.0069091968112532315, ema: 0.01, risk_score: 0.59
2024-06-27 10:40:09,197 - INFO - Model weights saved to ./weightqnoqo/saved_modelpathqf100unlearningkd25/model_epoch_23.pth
2024-06-27 10:40:10,381 - INFO - Test accuracy: (42.6, 0.426)
2024-06-27 10:40:10,381 - INFO - After domain adaptation test value: 0.54, p_value: 5.68699490027895e-17, ema: 0.0, risk_score: 0.33
2024-06-27 10:40:10,383 - INFO - Model weights after domain adaptation saved to ./weightqnoqo/saved_modelpathqf100domainkd25/model_epoch_23.pth
2024-06-27 10:40:10,383 - INFO - Epoch 24 starting...
2024-06-27 10:40:12,036 - INFO - Test accuracy: 78.66
2024-06-27 10:40:12,036 - INFO - Test value: 0.92, p_value: 0.0037406151361136387, ema: 0.0, risk_score: 0.62
2024-06-27 10:40:12,039 - INFO - Model weights saved to ./weightqnoqo/saved_modelpathqf100unlearningkd25/model_epoch_24.pth
2024-06-27 10:40:13,192 - INFO - Test accuracy: (57.86, 0.5786)
2024-06-27 10:40:13,193 - INFO - After domain adaptation test value: 0.67, p_value: 4.277513385979816e-11, ema: 0.0, risk_score: 0.34
2024-06-27 10:40:13,195 - INFO - Model weights after domain adaptation saved to ./weightqnoqo/saved_modelpathqf100domainkd25/model_epoch_24.pth
2024-06-27 10:40:13,195 - INFO - Epoch 25 starting...
2024-06-27 10:40:14,836 - INFO - Test accuracy: 77.68
2024-06-27 10:40:14,836 - INFO - Test value: 0.86, p_value: 8.44880403155408e-05, ema: 0.0, risk_score: 0.62
2024-06-27 10:40:14,838 - INFO - Model weights saved to ./weightqnoqo/saved_modelpathqf100unlearningkd25/model_epoch_25.pth
2024-06-27 10:40:16,020 - INFO - Test accuracy: (39.34, 0.3934)
2024-06-27 10:40:16,020 - INFO - After domain adaptation test value: 0.58, p_value: 5.613672374359885e-15, ema: 0.0, risk_score: 0.27
2024-06-27 10:40:16,023 - INFO - Model weights after domain adaptation saved to ./weightqnoqo/saved_modelpathqf100domainkd25/model_epoch_25.pth
2024-06-27 10:40:16,023 - INFO - Epoch 26 starting...
2024-06-27 10:40:17,665 - INFO - Test accuracy: 78.22
2024-06-27 10:40:17,665 - INFO - Test value: 0.86, p_value: 8.44880403155408e-05, ema: 0.0, risk_score: 0.59
2024-06-27 10:40:17,667 - INFO - Model weights saved to ./weightqnoqo/saved_modelpathqf100unlearningkd25/model_epoch_26.pth
2024-06-27 10:40:18,852 - INFO - Test accuracy: (47.18, 0.4718)
2024-06-27 10:40:18,852 - INFO - After domain adaptation test value: 0.6, p_value: 4.7738117806692215e-14, ema: 0.0, risk_score: 0.41
2024-06-27 10:40:18,855 - INFO - Model weights after domain adaptation saved to ./weightqnoqo/saved_modelpathqf100domainkd25/model_epoch_26.pth
2024-06-27 10:40:18,855 - INFO - Epoch 27 starting...
2024-06-27 10:40:20,559 - INFO - Test accuracy: 77.6
2024-06-27 10:40:20,559 - INFO - Test value: 0.83, p_value: 1.142875327559679e-05, ema: 0.0, risk_score: 0.57
2024-06-27 10:40:20,562 - INFO - Model weights saved to ./weightqnoqo/saved_modelpathqf100unlearningkd25/model_epoch_27.pth
2024-06-27 10:40:21,750 - INFO - Test accuracy: (42.56, 0.4256)
2024-06-27 10:40:21,750 - INFO - After domain adaptation test value: 0.55, p_value: 1.8685292928218256e-16, ema: 0.0, risk_score: 0.14
2024-06-27 10:40:21,752 - INFO - Model weights after domain adaptation saved to ./weightqnoqo/saved_modelpathqf100domainkd25/model_epoch_27.pth
2024-06-27 10:40:21,752 - INFO - Epoch 28 starting...
2024-06-27 10:40:23,396 - INFO - Test accuracy: 79.18
2024-06-27 10:40:23,396 - INFO - Test value: 0.76, p_value: 7.407268778963026e-08, ema: 0.0, risk_score: 0.39
2024-06-27 10:40:23,399 - INFO - Model weights saved to ./weightqnoqo/saved_modelpathqf100unlearningkd25/model_epoch_28.pth
2024-06-27 10:40:24,572 - INFO - Test accuracy: (42.34, 0.4234)
2024-06-27 10:40:24,572 - INFO - After domain adaptation test value: 0.71, p_value: 1.3747836252272488e-09, ema: 0.0, risk_score: 0.46
2024-06-27 10:40:24,574 - INFO - Model weights after domain adaptation saved to ./weightqnoqo/saved_modelpathqf100domainkd25/model_epoch_28.pth
2024-06-27 10:40:24,574 - INFO - Epoch 29 starting...
2024-06-27 10:40:26,218 - INFO - Test accuracy: 79.7
2024-06-27 10:40:26,218 - INFO - Test value: 0.75, p_value: 3.433175791625931e-08, ema: 0.0, risk_score: 0.47
2024-06-27 10:40:26,220 - INFO - Model weights saved to ./weightqnoqo/saved_modelpathqf100unlearningkd25/model_epoch_29.pth
2024-06-27 10:40:27,379 - INFO - Test accuracy: (41.14, 0.4114)
2024-06-27 10:40:27,379 - INFO - After domain adaptation test value: 0.74, p_value: 1.5696009756195152e-08, ema: 0.0, risk_score: 0.25
2024-06-27 10:40:27,381 - INFO - Model weights after domain adaptation saved to ./weightqnoqo/saved_modelpathqf100domainkd25/model_epoch_29.pth
2024-06-27 10:40:27,381 - INFO - Epoch 30 starting...
2024-06-27 10:40:29,015 - INFO - Test accuracy: 77.22
2024-06-27 10:40:29,015 - INFO - Test value: 0.8, p_value: 1.41306701909054e-06, ema: 0.0, risk_score: 0.59
2024-06-27 10:40:29,017 - INFO - Model weights saved to ./weightqnoqo/saved_modelpathqf100unlearningkd25/model_epoch_30.pth
2024-06-27 10:40:30,155 - INFO - Test accuracy: (39.56, 0.3956)
2024-06-27 10:40:30,155 - INFO - After domain adaptation test value: 0.66, p_value: 1.7196200799007164e-11, ema: 0.0, risk_score: 0.31
2024-06-27 10:40:30,157 - INFO - Model weights after domain adaptation saved to ./weightqnoqo/saved_modelpathqf100domainkd25/model_epoch_30.pth
2024-06-27 10:40:30,157 - INFO - Epoch 31 starting...
2024-06-27 10:40:31,806 - INFO - Test accuracy: 78.72
2024-06-27 10:40:31,806 - INFO - Test value: 0.88, p_value: 0.0003070448492757641, ema: 0.0, risk_score: 0.5
2024-06-27 10:40:31,808 - INFO - Model weights saved to ./weightqnoqo/saved_modelpathqf100unlearningkd25/model_epoch_31.pth
2024-06-27 10:40:33,025 - INFO - Test accuracy: (35.94, 0.3594)
2024-06-27 10:40:33,025 - INFO - After domain adaptation test value: 0.75, p_value: 3.433175791625931e-08, ema: 0.0, risk_score: 0.21
2024-06-27 10:40:33,027 - INFO - Model weights after domain adaptation saved to ./weightqnoqo/saved_modelpathqf100domainkd25/model_epoch_31.pth
2024-06-27 10:40:33,027 - INFO - Epoch 32 starting...
2024-06-27 10:40:34,667 - INFO - Test accuracy: 77.72
2024-06-27 10:40:34,667 - INFO - Test value: 0.84, p_value: 2.2472917831996713e-05, ema: 0.0, risk_score: 0.55
2024-06-27 10:40:34,669 - INFO - Model weights saved to ./weightqnoqo/saved_modelpathqf100unlearningkd25/model_epoch_32.pth
2024-06-27 10:40:35,823 - INFO - Test accuracy: (34.36, 0.3436)
2024-06-27 10:40:35,823 - INFO - After domain adaptation test value: 0.39, p_value: 1.2248078494235628e-26, ema: 0.0, risk_score: 0.16
2024-06-27 10:40:35,825 - INFO - Model weights after domain adaptation saved to ./weightqnoqo/saved_modelpathqf100domainkd25/model_epoch_32.pth
2024-06-27 10:40:35,825 - INFO - Epoch 33 starting...
2024-06-27 10:40:37,460 - INFO - Test accuracy: 78.26
2024-06-27 10:40:37,460 - INFO - Test value: 0.81, p_value: 2.867149993466694e-06, ema: 0.0, risk_score: 0.56
2024-06-27 10:40:37,463 - INFO - Model weights saved to ./weightqnoqo/saved_modelpathqf100unlearningkd25/model_epoch_33.pth
2024-06-27 10:40:38,608 - INFO - Test accuracy: (32.14, 0.3214)
2024-06-27 10:40:38,608 - INFO - After domain adaptation test value: 0.58, p_value: 5.613672374359885e-15, ema: 0.0, risk_score: 0.27
2024-06-27 10:40:38,610 - INFO - Model weights after domain adaptation saved to ./weightqnoqo/saved_modelpathqf100domainkd25/model_epoch_33.pth
2024-06-27 10:40:38,610 - INFO - Epoch 34 starting...
2024-06-27 10:40:40,256 - INFO - Test accuracy: 77.3
2024-06-27 10:40:40,256 - INFO - Test value: 0.89, p_value: 0.0005787937375772045, ema: 0.0, risk_score: 0.66
2024-06-27 10:40:40,258 - INFO - Model weights saved to ./weightqnoqo/saved_modelpathqf100unlearningkd25/model_epoch_34.pth
2024-06-27 10:40:41,418 - INFO - Test accuracy: (41.88, 0.4188)
2024-06-27 10:40:41,418 - INFO - After domain adaptation test value: 0.71, p_value: 1.3747836252272488e-09, ema: 0.0, risk_score: 0.19
2024-06-27 10:40:41,420 - INFO - Model weights after domain adaptation saved to ./weightqnoqo/saved_modelpathqf100domainkd25/model_epoch_34.pth
2024-06-27 10:40:41,420 - INFO - Epoch 35 starting...
2024-06-27 10:40:43,058 - INFO - Test accuracy: 74.5
2024-06-27 10:40:43,058 - INFO - Test value: 0.77, p_value: 1.5771887371765314e-07, ema: 0.0, risk_score: 0.52
2024-06-27 10:40:43,060 - INFO - Model weights saved to ./weightqnoqo/saved_modelpathqf100unlearningkd25/model_epoch_35.pth
2024-06-27 10:40:44,213 - INFO - Test accuracy: (44.16, 0.4416)
2024-06-27 10:40:44,213 - INFO - After domain adaptation test value: 0.78, p_value: 3.3157098737241765e-07, ema: 0.0, risk_score: 0.39
2024-06-27 10:40:44,215 - INFO - Model weights after domain adaptation saved to ./weightqnoqo/saved_modelpathqf100domainkd25/model_epoch_35.pth
2024-06-27 10:40:44,216 - INFO - Epoch 36 starting...
2024-06-27 10:40:45,905 - INFO - Test accuracy: 77.08
2024-06-27 10:40:45,905 - INFO - Test value: 0.8, p_value: 1.41306701909054e-06, ema: 0.0, risk_score: 0.51
2024-06-27 10:40:45,907 - INFO - Model weights saved to ./weightqnoqo/saved_modelpathqf100unlearningkd25/model_epoch_36.pth
2024-06-27 10:40:47,080 - INFO - Test accuracy: (47.6, 0.476)
2024-06-27 10:40:47,080 - INFO - After domain adaptation test value: 0.5, p_value: 3.583806797021001e-19, ema: 0.0, risk_score: 0.23
2024-06-27 10:40:47,083 - INFO - Model weights after domain adaptation saved to ./weightqnoqo/saved_modelpathqf100domainkd25/model_epoch_36.pth
2024-06-27 10:40:47,083 - INFO - Epoch 37 starting...
2024-06-27 10:40:48,733 - INFO - Test accuracy: 76.68
2024-06-27 10:40:48,733 - INFO - Test value: 0.72, p_value: 3.1425445104610066e-09, ema: 0.0, risk_score: 0.52
2024-06-27 10:40:48,735 - INFO - Model weights saved to ./weightqnoqo/saved_modelpathqf100unlearningkd25/model_epoch_37.pth
2024-06-27 10:40:49,898 - INFO - Test accuracy: (50.62, 0.5062)
2024-06-27 10:40:49,898 - INFO - After domain adaptation test value: 0.54, p_value: 5.68699490027895e-17, ema: 0.0, risk_score: 0.21
2024-06-27 10:40:49,900 - INFO - Model weights after domain adaptation saved to ./weightqnoqo/saved_modelpathqf100domainkd25/model_epoch_37.pth
2024-06-27 10:40:49,900 - INFO - Epoch 38 starting...
2024-06-27 10:40:51,544 - INFO - Test accuracy: 77.38
2024-06-27 10:40:51,544 - INFO - Test value: 0.82, p_value: 5.754351763603632e-06, ema: 0.0, risk_score: 0.47
2024-06-27 10:40:51,546 - INFO - Model weights saved to ./weightqnoqo/saved_modelpathqf100unlearningkd25/model_epoch_38.pth
2024-06-27 10:40:52,716 - INFO - Test accuracy: (46.64, 0.4664)
2024-06-27 10:40:52,716 - INFO - After domain adaptation test value: 0.56, p_value: 5.967338246708259e-16, ema: 0.0, risk_score: 0.29
2024-06-27 10:40:52,718 - INFO - Model weights after domain adaptation saved to ./weightqnoqo/saved_modelpathqf100domainkd25/model_epoch_38.pth
2024-06-27 10:40:52,718 - INFO - Epoch 39 starting...
2024-06-27 10:40:54,345 - INFO - Test accuracy: 77.38
2024-06-27 10:40:54,345 - INFO - Test value: 0.87, p_value: 0.00016170278599818107, ema: 0.0, risk_score: 0.61
2024-06-27 10:40:54,348 - INFO - Model weights saved to ./weightqnoqo/saved_modelpathqf100unlearningkd25/model_epoch_39.pth
2024-06-27 10:40:55,518 - INFO - Test accuracy: (50.82, 0.5082)
2024-06-27 10:40:55,518 - INFO - After domain adaptation test value: 0.79, p_value: 6.885523327404269e-07, ema: 0.0, risk_score: 0.24
2024-06-27 10:40:55,520 - INFO - Model weights after domain adaptation saved to ./weightqnoqo/saved_modelpathqf100domainkd25/model_epoch_39.pth
2024-06-27 10:40:55,520 - INFO - Epoch 40 starting...
2024-06-27 10:40:57,174 - INFO - Test accuracy: 76.76
2024-06-27 10:40:57,174 - INFO - Test value: 0.83, p_value: 1.142875327559679e-05, ema: 0.0, risk_score: 0.45
2024-06-27 10:40:57,176 - INFO - Model weights saved to ./weightqnoqo/saved_modelpathqf100unlearningkd25/model_epoch_40.pth
2024-06-27 10:40:58,388 - INFO - Test accuracy: (48.04, 0.4804)
2024-06-27 10:40:58,388 - INFO - After domain adaptation test value: 0.56, p_value: 5.967338246708259e-16, ema: 0.0, risk_score: 0.26
2024-06-27 10:40:58,391 - INFO - Model weights after domain adaptation saved to ./weightqnoqo/saved_modelpathqf100domainkd25/model_epoch_40.pth
2024-06-27 10:40:58,391 - INFO - Epoch 41 starting...
2024-06-27 10:41:00,033 - INFO - Test accuracy: 75.44
2024-06-27 10:41:00,033 - INFO - Test value: 0.85, p_value: 4.377094840750872e-05, ema: 0.0, risk_score: 0.61
2024-06-27 10:41:00,036 - INFO - Model weights saved to ./weightqnoqo/saved_modelpathqf100unlearningkd25/model_epoch_41.pth
2024-06-27 10:41:01,191 - INFO - Test accuracy: (47.06, 0.4706)
2024-06-27 10:41:01,191 - INFO - After domain adaptation test value: 0.58, p_value: 5.613672374359885e-15, ema: 0.0, risk_score: 0.37
2024-06-27 10:41:01,193 - INFO - Model weights after domain adaptation saved to ./weightqnoqo/saved_modelpathqf100domainkd25/model_epoch_41.pth
2024-06-27 10:41:01,193 - INFO - Epoch 42 starting...
2024-06-27 10:41:02,836 - INFO - Test accuracy: 78.06
2024-06-27 10:41:02,836 - INFO - Test value: 0.65, p_value: 6.78458882321675e-12, ema: 0.0, risk_score: 0.48
2024-06-27 10:41:02,839 - INFO - Model weights saved to ./weightqnoqo/saved_modelpathqf100unlearningkd25/model_epoch_42.pth
2024-06-27 10:41:03,987 - INFO - Test accuracy: (43.9, 0.439)
2024-06-27 10:41:03,987 - INFO - After domain adaptation test value: 0.49, p_value: 9.28389403134107e-20, ema: 0.0, risk_score: 0.2
2024-06-27 10:41:03,989 - INFO - Model weights after domain adaptation saved to ./weightqnoqo/saved_modelpathqf100domainkd25/model_epoch_42.pth
2024-06-27 10:41:03,989 - INFO - Epoch 43 starting...
2024-06-27 10:41:05,626 - INFO - Test accuracy: 76.2
2024-06-27 10:41:05,626 - INFO - Test value: 0.6, p_value: 4.7738117806692215e-14, ema: 0.0, risk_score: 0.27
2024-06-27 10:41:05,628 - INFO - Model weights saved to ./weightqnoqo/saved_modelpathqf100unlearningkd25/model_epoch_43.pth
2024-06-27 10:41:06,776 - INFO - Test accuracy: (48.32, 0.4832)
2024-06-27 10:41:06,776 - INFO - After domain adaptation test value: 0.76, p_value: 7.407268778963026e-08, ema: 0.0, risk_score: 0.26
2024-06-27 10:41:06,778 - INFO - Model weights after domain adaptation saved to ./weightqnoqo/saved_modelpathqf100domainkd25/model_epoch_43.pth
2024-06-27 10:41:06,778 - INFO - Epoch 44 starting...
2024-06-27 10:41:08,442 - INFO - Test accuracy: 76.58
2024-06-27 10:41:08,442 - INFO - Test value: 0.75, p_value: 3.433175791625931e-08, ema: 0.0, risk_score: 0.46
2024-06-27 10:41:08,445 - INFO - Model weights saved to ./weightqnoqo/saved_modelpathqf100unlearningkd25/model_epoch_44.pth
2024-06-27 10:41:09,597 - INFO - Test accuracy: (48.86, 0.4886)
2024-06-27 10:41:09,597 - INFO - After domain adaptation test value: 0.5, p_value: 3.583806797021001e-19, ema: 0.0, risk_score: 0.27
2024-06-27 10:41:09,599 - INFO - Model weights after domain adaptation saved to ./weightqnoqo/saved_modelpathqf100domainkd25/model_epoch_44.pth
2024-06-27 10:41:09,599 - INFO - Epoch 45 starting...
2024-06-27 10:41:11,289 - INFO - Test accuracy: 75.98
2024-06-27 10:41:11,289 - INFO - Test value: 0.84, p_value: 2.2472917831996713e-05, ema: 0.0, risk_score: 0.52
2024-06-27 10:41:11,291 - INFO - Model weights saved to ./weightqnoqo/saved_modelpathqf100unlearningkd25/model_epoch_45.pth
2024-06-27 10:41:12,449 - INFO - Test accuracy: (43.66, 0.4366)
2024-06-27 10:41:12,449 - INFO - After domain adaptation test value: 0.69, p_value: 2.508318435137679e-10, ema: 0.0, risk_score: 0.24
2024-06-27 10:41:12,452 - INFO - Model weights after domain adaptation saved to ./weightqnoqo/saved_modelpathqf100domainkd25/model_epoch_45.pth
2024-06-27 10:41:12,452 - INFO - Epoch 46 starting...
2024-06-27 10:41:14,092 - INFO - Test accuracy: 77.92
2024-06-27 10:41:14,092 - INFO - Test value: 0.8, p_value: 1.41306701909054e-06, ema: 0.0, risk_score: 0.45
2024-06-27 10:41:14,095 - INFO - Model weights saved to ./weightqnoqo/saved_modelpathqf100unlearningkd25/model_epoch_46.pth
2024-06-27 10:41:15,245 - INFO - Test accuracy: (50.12, 0.5012)
2024-06-27 10:41:15,245 - INFO - After domain adaptation test value: 0.72, p_value: 3.1425445104610298e-09, ema: 0.0, risk_score: 0.24
2024-06-27 10:41:15,247 - INFO - Model weights after domain adaptation saved to ./weightqnoqo/saved_modelpathqf100domainkd25/model_epoch_46.pth
2024-06-27 10:41:15,247 - INFO - Epoch 47 starting...
2024-06-27 10:41:16,890 - INFO - Test accuracy: 78.26
2024-06-27 10:41:16,890 - INFO - Test value: 0.83, p_value: 1.1428753275596726e-05, ema: 0.0, risk_score: 0.47
2024-06-27 10:41:16,893 - INFO - Model weights saved to ./weightqnoqo/saved_modelpathqf100unlearningkd25/model_epoch_47.pth
2024-06-27 10:41:18,037 - INFO - Test accuracy: (32.8, 0.328)
2024-06-27 10:41:18,037 - INFO - After domain adaptation test value: 0.64, p_value: 2.6252346194881813e-12, ema: 0.0, risk_score: 0.16
2024-06-27 10:41:18,039 - INFO - Model weights after domain adaptation saved to ./weightqnoqo/saved_modelpathqf100domainkd25/model_epoch_47.pth
2024-06-27 10:41:18,039 - INFO - Epoch 48 starting...
2024-06-27 10:41:19,676 - INFO - Test accuracy: 78.06
2024-06-27 10:41:19,676 - INFO - Test value: 0.82, p_value: 5.754351763603632e-06, ema: 0.0, risk_score: 0.5
2024-06-27 10:41:19,678 - INFO - Model weights saved to ./weightqnoqo/saved_modelpathqf100unlearningkd25/model_epoch_48.pth
2024-06-27 10:41:20,861 - INFO - Test accuracy: (54.16, 0.5416)
2024-06-27 10:41:20,861 - INFO - After domain adaptation test value: 0.57, p_value: 1.8544278052545438e-15, ema: 0.0, risk_score: 0.23
2024-06-27 10:41:20,863 - INFO - Model weights after domain adaptation saved to ./weightqnoqo/saved_modelpathqf100domainkd25/model_epoch_48.pth
2024-06-27 10:41:20,863 - INFO - Epoch 49 starting...
2024-06-27 10:41:22,514 - INFO - Test accuracy: 77.66
2024-06-27 10:41:22,515 - INFO - Test value: 0.6, p_value: 4.773811780669274e-14, ema: 0.0, risk_score: 0.21
2024-06-27 10:41:22,517 - INFO - Model weights saved to ./weightqnoqo/saved_modelpathqf100unlearningkd25/model_epoch_49.pth
2024-06-27 10:41:23,711 - INFO - Test accuracy: (53.5, 0.535)
2024-06-27 10:41:23,711 - INFO - After domain adaptation test value: 0.66, p_value: 1.7196200799007164e-11, ema: 0.0, risk_score: 0.27
2024-06-27 10:41:23,713 - INFO - Model weights after domain adaptation saved to ./weightqnoqo/saved_modelpathqf100domainkd25/model_epoch_49.pth
2024-06-27 10:41:23,713 - INFO - Epoch 50 starting...
2024-06-27 10:41:25,356 - INFO - Test accuracy: 78.42
2024-06-27 10:41:25,356 - INFO - Test value: 0.66, p_value: 1.7196200799007164e-11, ema: 0.0, risk_score: 0.36
2024-06-27 10:41:25,359 - INFO - Model weights saved to ./weightqnoqo/saved_modelpathqf100unlearningkd25/model_epoch_50.pth
2024-06-27 10:41:26,503 - INFO - Test accuracy: (55.76, 0.5576)
2024-06-27 10:41:26,503 - INFO - After domain adaptation test value: 0.65, p_value: 6.78458882321675e-12, ema: 0.0, risk_score: 0.17
2024-06-27 10:41:26,505 - INFO - Model weights after domain adaptation saved to ./weightqnoqo/saved_modelpathqf100domainkd25/model_epoch_50.pth
2024-06-27 10:41:26,505 - INFO - Epoch 51 starting...
2024-06-27 10:41:28,135 - INFO - Test accuracy: 73.06
2024-06-27 10:41:28,135 - INFO - Test value: 0.68, p_value: 1.0449223161892874e-10, ema: 0.0, risk_score: 0.39
2024-06-27 10:41:28,138 - INFO - Model weights saved to ./weightqnoqo/saved_modelpathqf100unlearningkd25/model_epoch_51.pth
2024-06-27 10:41:29,278 - INFO - Test accuracy: (44.48, 0.4448)
2024-06-27 10:41:29,278 - INFO - After domain adaptation test value: 0.42, p_value: 2.352350386582157e-24, ema: 0.0, risk_score: 0.17
2024-06-27 10:41:29,281 - INFO - Model weights after domain adaptation saved to ./weightqnoqo/saved_modelpathqf100domainkd25/model_epoch_51.pth
2024-06-27 10:41:29,281 - INFO - Epoch 52 starting...
2024-06-27 10:41:30,914 - INFO - Test accuracy: 77.12
2024-06-27 10:41:30,914 - INFO - Test value: 0.53, p_value: 1.6804170428884675e-17, ema: 0.0, risk_score: 0.37
2024-06-27 10:41:30,916 - INFO - Model weights saved to ./weightqnoqo/saved_modelpathqf100unlearningkd25/model_epoch_52.pth
2024-06-27 10:41:32,065 - INFO - Test accuracy: (45.3, 0.453)
2024-06-27 10:41:32,065 - INFO - After domain adaptation test value: 0.56, p_value: 5.967338246708259e-16, ema: 0.0, risk_score: 0.22
2024-06-27 10:41:32,067 - INFO - Model weights after domain adaptation saved to ./weightqnoqo/saved_modelpathqf100domainkd25/model_epoch_52.pth
2024-06-27 10:41:32,067 - INFO - Epoch 53 starting...
2024-06-27 10:41:33,701 - INFO - Test accuracy: 76.56
2024-06-27 10:41:33,701 - INFO - Test value: 0.64, p_value: 2.6252346194881813e-12, ema: 0.0, risk_score: 0.38
2024-06-27 10:41:33,704 - INFO - Model weights saved to ./weightqnoqo/saved_modelpathqf100unlearningkd25/model_epoch_53.pth
2024-06-27 10:41:34,854 - INFO - Test accuracy: (53.92, 0.5392)
2024-06-27 10:41:34,854 - INFO - After domain adaptation test value: 0.67, p_value: 4.277513385979816e-11, ema: 0.0, risk_score: 0.25
2024-06-27 10:41:34,857 - INFO - Model weights after domain adaptation saved to ./weightqnoqo/saved_modelpathqf100domainkd25/model_epoch_53.pth
2024-06-27 10:41:34,857 - INFO - Epoch 54 starting...
2024-06-27 10:41:36,537 - INFO - Test accuracy: 75.88
2024-06-27 10:41:36,537 - INFO - Test value: 0.61, p_value: 1.3435473892325112e-13, ema: 0.0, risk_score: 0.26
2024-06-27 10:41:36,539 - INFO - Model weights saved to ./weightqnoqo/saved_modelpathqf100unlearningkd25/model_epoch_54.pth
2024-06-27 10:41:37,682 - INFO - Test accuracy: (49.6, 0.496)
2024-06-27 10:41:37,682 - INFO - After domain adaptation test value: 0.55, p_value: 1.8685292928218256e-16, ema: 0.0, risk_score: 0.21
2024-06-27 10:41:37,684 - INFO - Model weights after domain adaptation saved to ./weightqnoqo/saved_modelpathqf100domainkd25/model_epoch_54.pth
2024-06-27 10:41:37,684 - INFO - Epoch 55 starting...
2024-06-27 10:41:39,321 - INFO - Test accuracy: 76.22
2024-06-27 10:41:39,321 - INFO - Test value: 0.55, p_value: 1.8685292928218256e-16, ema: 0.0, risk_score: 0.26
2024-06-27 10:41:39,323 - INFO - Model weights saved to ./weightqnoqo/saved_modelpathqf100unlearningkd25/model_epoch_55.pth
2024-06-27 10:41:40,460 - INFO - Test accuracy: (59.62, 0.5962)
2024-06-27 10:41:40,460 - INFO - After domain adaptation test value: 0.68, p_value: 1.0449223161892874e-10, ema: 0.0, risk_score: 0.24
2024-06-27 10:41:40,462 - INFO - Model weights after domain adaptation saved to ./weightqnoqo/saved_modelpathqf100domainkd25/model_epoch_55.pth
2024-06-27 10:41:40,462 - INFO - Epoch 56 starting...
2024-06-27 10:41:42,094 - INFO - Test accuracy: 77.56
2024-06-27 10:41:42,094 - INFO - Test value: 0.57, p_value: 1.8544278052545438e-15, ema: 0.0, risk_score: 0.21
2024-06-27 10:41:42,096 - INFO - Model weights saved to ./weightqnoqo/saved_modelpathqf100unlearningkd25/model_epoch_56.pth
2024-06-27 10:41:43,239 - INFO - Test accuracy: (50.94, 0.5094)
2024-06-27 10:41:43,239 - INFO - After domain adaptation test value: 0.89, p_value: 0.0005787937375772045, ema: 0.0, risk_score: 0.33
2024-06-27 10:41:43,241 - INFO - Model weights after domain adaptation saved to ./weightqnoqo/saved_modelpathqf100domainkd25/model_epoch_56.pth
2024-06-27 10:41:43,241 - INFO - Epoch 57 starting...
2024-06-27 10:41:44,871 - INFO - Test accuracy: 74.7
2024-06-27 10:41:44,871 - INFO - Test value: 0.52, p_value: 4.814604274695541e-18, ema: 0.0, risk_score: 0.29
2024-06-27 10:41:44,873 - INFO - Model weights saved to ./weightqnoqo/saved_modelpathqf100unlearningkd25/model_epoch_57.pth
2024-06-27 10:41:46,019 - INFO - Test accuracy: (56.8, 0.568)
2024-06-27 10:41:46,019 - INFO - After domain adaptation test value: 0.7, p_value: 5.920370902054984e-10, ema: 0.0, risk_score: 0.23
2024-06-27 10:41:46,021 - INFO - Model weights after domain adaptation saved to ./weightqnoqo/saved_modelpathqf100domainkd25/model_epoch_57.pth
2024-06-27 10:41:46,021 - INFO - Epoch 58 starting...
2024-06-27 10:41:47,655 - INFO - Test accuracy: 75.36
2024-06-27 10:41:47,655 - INFO - Test value: 0.62, p_value: 3.697129762300794e-13, ema: 0.0, risk_score: 0.34
2024-06-27 10:41:47,657 - INFO - Model weights saved to ./weightqnoqo/saved_modelpathqf100unlearningkd25/model_epoch_58.pth
2024-06-27 10:41:48,875 - INFO - Test accuracy: (40.94, 0.4094)
2024-06-27 10:41:48,875 - INFO - After domain adaptation test value: 0.39, p_value: 1.2248078494235628e-26, ema: 0.0, risk_score: 0.21
2024-06-27 10:41:48,877 - INFO - Model weights after domain adaptation saved to ./weightqnoqo/saved_modelpathqf100domainkd25/model_epoch_58.pth
2024-06-27 10:41:48,877 - INFO - Epoch 59 starting...
2024-06-27 10:41:50,513 - INFO - Test accuracy: 75.88
2024-06-27 10:41:50,514 - INFO - Test value: 0.59, p_value: 1.657019668191868e-14, ema: 0.0, risk_score: 0.29
2024-06-27 10:41:50,516 - INFO - Model weights saved to ./weightqnoqo/saved_modelpathqf100unlearningkd25/model_epoch_59.pth
2024-06-27 10:41:51,688 - INFO - Test accuracy: (51.86, 0.5186)
2024-06-27 10:41:51,688 - INFO - After domain adaptation test value: 0.48, p_value: 2.318511526650511e-20, ema: 0.0, risk_score: 0.21
2024-06-27 10:41:51,691 - INFO - Model weights after domain adaptation saved to ./weightqnoqo/saved_modelpathqf100domainkd25/model_epoch_59.pth
2024-06-27 10:41:51,691 - INFO - Epoch 60 starting...
2024-06-27 10:41:53,331 - INFO - Test accuracy: 75.98
2024-06-27 10:41:53,331 - INFO - Test value: 0.43, p_value: 1.220819215331023e-23, ema: 0.0, risk_score: 0.25
2024-06-27 10:41:53,333 - INFO - Model weights saved to ./weightqnoqo/saved_modelpathqf100unlearningkd25/model_epoch_60.pth
2024-06-27 10:41:54,467 - INFO - Test accuracy: (55.8, 0.558)
2024-06-27 10:41:54,467 - INFO - After domain adaptation test value: 0.65, p_value: 6.78458882321675e-12, ema: 0.0, risk_score: 0.36
2024-06-27 10:41:54,470 - INFO - Model weights after domain adaptation saved to ./weightqnoqo/saved_modelpathqf100domainkd25/model_epoch_60.pth
2024-06-27 10:41:54,470 - INFO - Epoch 61 starting...
2024-06-27 10:41:56,113 - INFO - Test accuracy: 76.36
2024-06-27 10:41:56,113 - INFO - Test value: 0.67, p_value: 4.277513385979863e-11, ema: 0.0, risk_score: 0.33
2024-06-27 10:41:56,115 - INFO - Model weights saved to ./weightqnoqo/saved_modelpathqf100unlearningkd25/model_epoch_61.pth
2024-06-27 10:41:57,248 - INFO - Test accuracy: (47.64, 0.4764)
2024-06-27 10:41:57,248 - INFO - After domain adaptation test value: 0.55, p_value: 1.8685292928218256e-16, ema: 0.0, risk_score: 0.16
2024-06-27 10:41:57,250 - INFO - Model weights after domain adaptation saved to ./weightqnoqo/saved_modelpathqf100domainkd25/model_epoch_61.pth
2024-06-27 10:41:57,250 - INFO - Epoch 62 starting...
2024-06-27 10:41:58,872 - INFO - Test accuracy: 77.44
2024-06-27 10:41:58,872 - INFO - Test value: 0.66, p_value: 1.7196200799007164e-11, ema: 0.0, risk_score: 0.27
2024-06-27 10:41:58,874 - INFO - Model weights saved to ./weightqnoqo/saved_modelpathqf100unlearningkd25/model_epoch_62.pth
2024-06-27 10:42:00,015 - INFO - Test accuracy: (54.12, 0.5412)
2024-06-27 10:42:00,015 - INFO - After domain adaptation test value: 0.51, p_value: 1.3357935229202534e-18, ema: 0.0, risk_score: 0.28
2024-06-27 10:42:00,017 - INFO - Model weights after domain adaptation saved to ./weightqnoqo/saved_modelpathqf100domainkd25/model_epoch_62.pth
2024-06-27 10:42:00,017 - INFO - Epoch 63 starting...
2024-06-27 10:42:01,696 - INFO - Test accuracy: 77.24
2024-06-27 10:42:01,696 - INFO - Test value: 0.69, p_value: 2.508318435137679e-10, ema: 0.0, risk_score: 0.32
2024-06-27 10:42:01,699 - INFO - Model weights saved to ./weightqnoqo/saved_modelpathqf100unlearningkd25/model_epoch_63.pth
2024-06-27 10:42:02,859 - INFO - Test accuracy: (55.62, 0.5562)
2024-06-27 10:42:02,859 - INFO - After domain adaptation test value: 0.56, p_value: 5.967338246708216e-16, ema: 0.0, risk_score: 0.14
2024-06-27 10:42:02,861 - INFO - Model weights after domain adaptation saved to ./weightqnoqo/saved_modelpathqf100domainkd25/model_epoch_63.pth
2024-06-27 10:42:02,861 - INFO - Epoch 64 starting...
2024-06-27 10:42:04,506 - INFO - Test accuracy: 77.78
2024-06-27 10:42:04,506 - INFO - Test value: 0.73, p_value: 7.074964349095424e-09, ema: 0.0, risk_score: 0.29
2024-06-27 10:42:04,508 - INFO - Model weights saved to ./weightqnoqo/saved_modelpathqf100unlearningkd25/model_epoch_64.pth
2024-06-27 10:42:05,689 - INFO - Test accuracy: (46.24, 0.4624)
2024-06-27 10:42:05,689 - INFO - After domain adaptation test value: 0.43, p_value: 1.220819215331023e-23, ema: 0.0, risk_score: 0.13
2024-06-27 10:42:05,692 - INFO - Model weights after domain adaptation saved to ./weightqnoqo/saved_modelpathqf100domainkd25/model_epoch_64.pth
2024-06-27 10:42:05,692 - INFO - Epoch 65 starting...
2024-06-27 10:42:07,349 - INFO - Test accuracy: 75.3
2024-06-27 10:42:07,349 - INFO - Test value: 0.58, p_value: 5.613672374359885e-15, ema: 0.0, risk_score: 0.29
2024-06-27 10:42:07,352 - INFO - Model weights saved to ./weightqnoqo/saved_modelpathqf100unlearningkd25/model_epoch_65.pth
2024-06-27 10:42:08,537 - INFO - Test accuracy: (41.14, 0.4114)
2024-06-27 10:42:08,537 - INFO - After domain adaptation test value: 0.7, p_value: 5.920370902054984e-10, ema: 0.0, risk_score: 0.16
2024-06-27 10:42:08,539 - INFO - Model weights after domain adaptation saved to ./weightqnoqo/saved_modelpathqf100domainkd25/model_epoch_65.pth
2024-06-27 10:42:08,539 - INFO - Epoch 66 starting...
2024-06-27 10:42:10,197 - INFO - Test accuracy: 77.32
2024-06-27 10:42:10,197 - INFO - Test value: 0.7, p_value: 5.920370902054984e-10, ema: 0.0, risk_score: 0.32
2024-06-27 10:42:10,200 - INFO - Model weights saved to ./weightqnoqo/saved_modelpathqf100unlearningkd25/model_epoch_66.pth
2024-06-27 10:42:11,369 - INFO - Test accuracy: (36.94, 0.3694)
2024-06-27 10:42:11,369 - INFO - After domain adaptation test value: 0.57, p_value: 1.8544278052545438e-15, ema: 0.0, risk_score: 0.28
2024-06-27 10:42:11,372 - INFO - Model weights after domain adaptation saved to ./weightqnoqo/saved_modelpathqf100domainkd25/model_epoch_66.pth
2024-06-27 10:42:11,372 - INFO - Epoch 67 starting...
2024-06-27 10:42:12,991 - INFO - Test accuracy: 77.86
2024-06-27 10:42:12,991 - INFO - Test value: 0.52, p_value: 4.814604274695541e-18, ema: 0.0, risk_score: 0.23
2024-06-27 10:42:12,994 - INFO - Model weights saved to ./weightqnoqo/saved_modelpathqf100unlearningkd25/model_epoch_67.pth
2024-06-27 10:42:14,197 - INFO - Test accuracy: (51.4, 0.514)
2024-06-27 10:42:14,197 - INFO - After domain adaptation test value: 0.76, p_value: 7.407268778963026e-08, ema: 0.0, risk_score: 0.36
2024-06-27 10:42:14,199 - INFO - Model weights after domain adaptation saved to ./weightqnoqo/saved_modelpathqf100domainkd25/model_epoch_67.pth
2024-06-27 10:42:14,199 - INFO - Epoch 68 starting...
2024-06-27 10:42:15,838 - INFO - Test accuracy: 76.36
2024-06-27 10:42:15,838 - INFO - Test value: 0.52, p_value: 4.814604274695541e-18, ema: 0.0, risk_score: 0.24
2024-06-27 10:42:15,840 - INFO - Model weights saved to ./weightqnoqo/saved_modelpathqf100unlearningkd25/model_epoch_68.pth
2024-06-27 10:42:17,017 - INFO - Test accuracy: (40.0, 0.4)
2024-06-27 10:42:17,017 - INFO - After domain adaptation test value: 0.41, p_value: 4.306793722394698e-25, ema: 0.0, risk_score: 0.15
2024-06-27 10:42:17,020 - INFO - Model weights after domain adaptation saved to ./weightqnoqo/saved_modelpathqf100domainkd25/model_epoch_68.pth
2024-06-27 10:42:17,020 - INFO - Epoch 69 starting...
2024-06-27 10:42:18,659 - INFO - Test accuracy: 77.24
2024-06-27 10:42:18,660 - INFO - Test value: 0.63, p_value: 9.955350375869961e-13, ema: 0.0, risk_score: 0.37
2024-06-27 10:42:18,662 - INFO - Model weights saved to ./weightqnoqo/saved_modelpathqf100unlearningkd25/model_epoch_69.pth
2024-06-27 10:42:19,850 - INFO - Test accuracy: (39.2, 0.392)
2024-06-27 10:42:19,850 - INFO - After domain adaptation test value: 0.82, p_value: 5.754351763603632e-06, ema: 0.0, risk_score: 0.33
2024-06-27 10:42:19,852 - INFO - Model weights after domain adaptation saved to ./weightqnoqo/saved_modelpathqf100domainkd25/model_epoch_69.pth
2024-06-27 10:42:19,853 - INFO - Epoch 70 starting...
2024-06-27 10:42:21,494 - INFO - Test accuracy: 75.64
2024-06-27 10:42:21,494 - INFO - Test value: 0.77, p_value: 1.5771887371765314e-07, ema: 0.0, risk_score: 0.26
2024-06-27 10:42:21,497 - INFO - Model weights saved to ./weightqnoqo/saved_modelpathqf100unlearningkd25/model_epoch_70.pth
2024-06-27 10:42:22,666 - INFO - Test accuracy: (35.9, 0.359)
2024-06-27 10:42:22,666 - INFO - After domain adaptation test value: 0.68, p_value: 1.0449223161892874e-10, ema: 0.0, risk_score: 0.16
2024-06-27 10:42:22,668 - INFO - Model weights after domain adaptation saved to ./weightqnoqo/saved_modelpathqf100domainkd25/model_epoch_70.pth
2024-06-27 10:42:22,668 - INFO - Epoch 71 starting...
2024-06-27 10:42:24,306 - INFO - Test accuracy: 75.94
2024-06-27 10:42:24,306 - INFO - Test value: 0.53, p_value: 1.6804170428884675e-17, ema: 0.0, risk_score: 0.23
2024-06-27 10:42:24,309 - INFO - Model weights saved to ./weightqnoqo/saved_modelpathqf100unlearningkd25/model_epoch_71.pth
2024-06-27 10:42:25,469 - INFO - Test accuracy: (55.88, 0.5588)
2024-06-27 10:42:25,469 - INFO - After domain adaptation test value: 0.65, p_value: 6.78458882321675e-12, ema: 0.0, risk_score: 0.27
2024-06-27 10:42:25,472 - INFO - Model weights after domain adaptation saved to ./weightqnoqo/saved_modelpathqf100domainkd25/model_epoch_71.pth
2024-06-27 10:42:25,472 - INFO - Epoch 72 starting...
2024-06-27 10:42:27,162 - INFO - Test accuracy: 76.48
2024-06-27 10:42:27,163 - INFO - Test value: 0.56, p_value: 5.967338246708216e-16, ema: 0.0, risk_score: 0.19
2024-06-27 10:42:27,165 - INFO - Model weights saved to ./weightqnoqo/saved_modelpathqf100unlearningkd25/model_epoch_72.pth
2024-06-27 10:42:28,334 - INFO - Test accuracy: (51.8, 0.518)
2024-06-27 10:42:28,334 - INFO - After domain adaptation test value: 0.7, p_value: 5.920370902054984e-10, ema: 0.0, risk_score: 0.3
2024-06-27 10:42:28,336 - INFO - Model weights after domain adaptation saved to ./weightqnoqo/saved_modelpathqf100domainkd25/model_epoch_72.pth
2024-06-27 10:42:28,337 - INFO - Epoch 73 starting...
2024-06-27 10:42:29,972 - INFO - Test accuracy: 78.58
2024-06-27 10:42:29,972 - INFO - Test value: 0.56, p_value: 5.967338246708216e-16, ema: 0.0, risk_score: 0.23
2024-06-27 10:42:29,975 - INFO - Model weights saved to ./weightqnoqo/saved_modelpathqf100unlearningkd25/model_epoch_73.pth
2024-06-27 10:42:31,148 - INFO - Test accuracy: (47.64, 0.4764)
2024-06-27 10:42:31,148 - INFO - After domain adaptation test value: 0.82, p_value: 5.754351763603632e-06, ema: 0.0, risk_score: 0.18
2024-06-27 10:42:31,150 - INFO - Model weights after domain adaptation saved to ./weightqnoqo/saved_modelpathqf100domainkd25/model_epoch_73.pth
2024-06-27 10:42:31,150 - INFO - Epoch 74 starting...
2024-06-27 10:42:32,785 - INFO - Test accuracy: 77.9
2024-06-27 10:42:32,785 - INFO - Test value: 0.76, p_value: 7.407268778963026e-08, ema: 0.0, risk_score: 0.33
2024-06-27 10:42:32,787 - INFO - Model weights saved to ./weightqnoqo/saved_modelpathqf100unlearningkd25/model_epoch_74.pth
2024-06-27 10:42:33,933 - INFO - Test accuracy: (41.3, 0.413)
2024-06-27 10:42:33,933 - INFO - After domain adaptation test value: 0.49, p_value: 9.28389403134107e-20, ema: 0.0, risk_score: 0.15
2024-06-27 10:42:33,936 - INFO - Model weights after domain adaptation saved to ./weightqnoqo/saved_modelpathqf100domainkd25/model_epoch_74.pth
2024-06-27 10:42:33,936 - INFO - Epoch 75 starting...
2024-06-27 10:42:35,579 - INFO - Test accuracy: 77.3
2024-06-27 10:42:35,579 - INFO - Test value: 0.67, p_value: 4.277513385979863e-11, ema: 0.0, risk_score: 0.32
2024-06-27 10:42:35,581 - INFO - Model weights saved to ./weightqnoqo/saved_modelpathqf100unlearningkd25/model_epoch_75.pth
2024-06-27 10:42:36,732 - INFO - Test accuracy: (39.34, 0.3934)
2024-06-27 10:42:36,732 - INFO - After domain adaptation test value: 0.71, p_value: 1.3747836252272488e-09, ema: 0.0, risk_score: 0.28
2024-06-27 10:42:36,734 - INFO - Model weights after domain adaptation saved to ./weightqnoqo/saved_modelpathqf100domainkd25/model_epoch_75.pth
2024-06-27 10:42:36,734 - INFO - Epoch 76 starting...
2024-06-27 10:42:38,373 - INFO - Test accuracy: 77.86
2024-06-27 10:42:38,373 - INFO - Test value: 0.6, p_value: 4.7738117806692215e-14, ema: 0.0, risk_score: 0.22
2024-06-27 10:42:38,375 - INFO - Model weights saved to ./weightqnoqo/saved_modelpathqf100unlearningkd25/model_epoch_76.pth
2024-06-27 10:42:39,589 - INFO - Test accuracy: (50.24, 0.5024)
2024-06-27 10:42:39,590 - INFO - After domain adaptation test value: 0.42, p_value: 2.352350386582157e-24, ema: 0.0, risk_score: 0.25
2024-06-27 10:42:39,592 - INFO - Model weights after domain adaptation saved to ./weightqnoqo/saved_modelpathqf100domainkd25/model_epoch_76.pth
2024-06-27 10:42:39,592 - INFO - Epoch 77 starting...
2024-06-27 10:42:41,233 - INFO - Test accuracy: 76.64
2024-06-27 10:42:41,233 - INFO - Test value: 0.4, p_value: 7.471909577558926e-26, ema: 0.0, risk_score: 0.17
2024-06-27 10:42:41,235 - INFO - Model weights saved to ./weightqnoqo/saved_modelpathqf100unlearningkd25/model_epoch_77.pth
2024-06-27 10:42:42,393 - INFO - Test accuracy: (42.56, 0.4256)
2024-06-27 10:42:42,393 - INFO - After domain adaptation test value: 0.47, p_value: 5.5725104060875855e-21, ema: 0.0, risk_score: 0.18
2024-06-27 10:42:42,396 - INFO - Model weights after domain adaptation saved to ./weightqnoqo/saved_modelpathqf100domainkd25/model_epoch_77.pth
2024-06-27 10:42:42,396 - INFO - Epoch 78 starting...
2024-06-27 10:42:44,039 - INFO - Test accuracy: 77.06
2024-06-27 10:42:44,039 - INFO - Test value: 0.47, p_value: 5.5725104060875855e-21, ema: 0.0, risk_score: 0.19
2024-06-27 10:42:44,041 - INFO - Model weights saved to ./weightqnoqo/saved_modelpathqf100unlearningkd25/model_epoch_78.pth
2024-06-27 10:42:45,201 - INFO - Test accuracy: (41.16, 0.4116)
2024-06-27 10:42:45,201 - INFO - After domain adaptation test value: 0.51, p_value: 1.3357935229202534e-18, ema: 0.0, risk_score: 0.21
2024-06-27 10:42:45,204 - INFO - Model weights after domain adaptation saved to ./weightqnoqo/saved_modelpathqf100domainkd25/model_epoch_78.pth
2024-06-27 10:42:45,204 - INFO - Epoch 79 starting...
2024-06-27 10:42:46,846 - INFO - Test accuracy: 76.52
2024-06-27 10:42:46,846 - INFO - Test value: 0.51, p_value: 1.3357935229202534e-18, ema: 0.0, risk_score: 0.19
2024-06-27 10:42:46,848 - INFO - Model weights saved to ./weightqnoqo/saved_modelpathqf100unlearningkd25/model_epoch_79.pth
2024-06-27 10:42:48,003 - INFO - Test accuracy: (50.18, 0.5018)
2024-06-27 10:42:48,003 - INFO - After domain adaptation test value: 0.52, p_value: 4.814604274695541e-18, ema: 0.0, risk_score: 0.25
2024-06-27 10:42:48,006 - INFO - Model weights after domain adaptation saved to ./weightqnoqo/saved_modelpathqf100domainkd25/model_epoch_79.pth
2024-06-27 10:42:48,006 - INFO - Epoch 80 starting...
2024-06-27 10:42:49,649 - INFO - Test accuracy: 76.5
2024-06-27 10:42:49,649 - INFO - Test value: 0.53, p_value: 1.6804170428884675e-17, ema: 0.0, risk_score: 0.18
2024-06-27 10:42:49,652 - INFO - Model weights saved to ./weightqnoqo/saved_modelpathqf100unlearningkd25/model_epoch_80.pth
2024-06-27 10:42:50,810 - INFO - Test accuracy: (54.42, 0.5442)
2024-06-27 10:42:50,810 - INFO - After domain adaptation test value: 0.6, p_value: 4.7738117806692215e-14, ema: 0.0, risk_score: 0.18
2024-06-27 10:42:50,812 - INFO - Model weights after domain adaptation saved to ./weightqnoqo/saved_modelpathqf100domainkd25/model_epoch_80.pth
2024-06-27 10:42:50,812 - INFO - Epoch 81 starting...
2024-06-27 10:42:52,512 - INFO - Test accuracy: 76.94
2024-06-27 10:42:52,512 - INFO - Test value: 0.72, p_value: 3.1425445104610298e-09, ema: 0.0, risk_score: 0.25
2024-06-27 10:42:52,514 - INFO - Model weights saved to ./weightqnoqo/saved_modelpathqf100unlearningkd25/model_epoch_81.pth
2024-06-27 10:42:53,653 - INFO - Test accuracy: (44.44, 0.4444)
2024-06-27 10:42:53,653 - INFO - After domain adaptation test value: 0.48, p_value: 2.318511526650511e-20, ema: 0.0, risk_score: 0.2
2024-06-27 10:42:53,655 - INFO - Model weights after domain adaptation saved to ./weightqnoqo/saved_modelpathqf100domainkd25/model_epoch_81.pth
2024-06-27 10:42:53,655 - INFO - Epoch 82 starting...
2024-06-27 10:42:55,287 - INFO - Test accuracy: 78.54
2024-06-27 10:42:55,287 - INFO - Test value: 0.48, p_value: 2.318511526650511e-20, ema: 0.0, risk_score: 0.21
2024-06-27 10:42:55,289 - INFO - Model weights saved to ./weightqnoqo/saved_modelpathqf100unlearningkd25/model_epoch_82.pth
2024-06-27 10:42:56,430 - INFO - Test accuracy: (56.32, 0.5632)
2024-06-27 10:42:56,430 - INFO - After domain adaptation test value: 0.51, p_value: 1.3357935229202534e-18, ema: 0.0, risk_score: 0.38
2024-06-27 10:42:56,432 - INFO - Model weights after domain adaptation saved to ./weightqnoqo/saved_modelpathqf100domainkd25/model_epoch_82.pth
2024-06-27 10:42:56,432 - INFO - Epoch 83 starting...
2024-06-27 10:42:58,071 - INFO - Test accuracy: 77.36
2024-06-27 10:42:58,072 - INFO - Test value: 0.52, p_value: 4.814604274695541e-18, ema: 0.0, risk_score: 0.22
2024-06-27 10:42:58,074 - INFO - Model weights saved to ./weightqnoqo/saved_modelpathqf100unlearningkd25/model_epoch_83.pth
2024-06-27 10:42:59,235 - INFO - Test accuracy: (46.74, 0.4674)
2024-06-27 10:42:59,235 - INFO - After domain adaptation test value: 0.54, p_value: 5.68699490027895e-17, ema: 0.0, risk_score: 0.22
2024-06-27 10:42:59,237 - INFO - Model weights after domain adaptation saved to ./weightqnoqo/saved_modelpathqf100domainkd25/model_epoch_83.pth
2024-06-27 10:42:59,237 - INFO - Epoch 84 starting...
2024-06-27 10:43:00,876 - INFO - Test accuracy: 76.28
2024-06-27 10:43:00,876 - INFO - Test value: 0.45, p_value: 2.8487464709233046e-22, ema: 0.0, risk_score: 0.14
2024-06-27 10:43:00,878 - INFO - Model weights saved to ./weightqnoqo/saved_modelpathqf100unlearningkd25/model_epoch_84.pth
2024-06-27 10:43:02,050 - INFO - Test accuracy: (44.38, 0.4438)
2024-06-27 10:43:02,050 - INFO - After domain adaptation test value: 0.54, p_value: 5.68699490027895e-17, ema: 0.0, risk_score: 0.22
2024-06-27 10:43:02,052 - INFO - Model weights after domain adaptation saved to ./weightqnoqo/saved_modelpathqf100domainkd25/model_epoch_84.pth
2024-06-27 10:43:02,053 - INFO - Epoch 85 starting...
2024-06-27 10:43:03,702 - INFO - Test accuracy: 77.5
2024-06-27 10:43:03,702 - INFO - Test value: 0.53, p_value: 1.6804170428884675e-17, ema: 0.0, risk_score: 0.14
2024-06-27 10:43:03,704 - INFO - Model weights saved to ./weightqnoqo/saved_modelpathqf100unlearningkd25/model_epoch_85.pth
2024-06-27 10:43:04,912 - INFO - Test accuracy: (39.34, 0.3934)
2024-06-27 10:43:04,912 - INFO - After domain adaptation test value: 0.55, p_value: 1.868529292821799e-16, ema: 0.0, risk_score: 0.23
2024-06-27 10:43:04,914 - INFO - Model weights after domain adaptation saved to ./weightqnoqo/saved_modelpathqf100domainkd25/model_epoch_85.pth
2024-06-27 10:43:04,914 - INFO - Epoch 86 starting...
2024-06-27 10:43:06,546 - INFO - Test accuracy: 76.64
2024-06-27 10:43:06,546 - INFO - Test value: 0.56, p_value: 5.967338246708216e-16, ema: 0.0, risk_score: 0.24
2024-06-27 10:43:06,548 - INFO - Model weights saved to ./weightqnoqo/saved_modelpathqf100unlearningkd25/model_epoch_86.pth
2024-06-27 10:43:07,710 - INFO - Test accuracy: (50.88, 0.5088)
2024-06-27 10:43:07,710 - INFO - After domain adaptation test value: 0.5, p_value: 3.583806797021001e-19, ema: 0.0, risk_score: 0.19
2024-06-27 10:43:07,713 - INFO - Model weights after domain adaptation saved to ./weightqnoqo/saved_modelpathqf100domainkd25/model_epoch_86.pth
2024-06-27 10:43:07,713 - INFO - Epoch 87 starting...
2024-06-27 10:43:09,358 - INFO - Test accuracy: 76.82
2024-06-27 10:43:09,358 - INFO - Test value: 0.45, p_value: 2.8487464709233046e-22, ema: 0.0, risk_score: 0.21
2024-06-27 10:43:09,360 - INFO - Model weights saved to ./weightqnoqo/saved_modelpathqf100unlearningkd25/model_epoch_87.pth
2024-06-27 10:43:10,533 - INFO - Test accuracy: (54.82, 0.5482)
2024-06-27 10:43:10,533 - INFO - After domain adaptation test value: 0.57, p_value: 1.8544278052545438e-15, ema: 0.0, risk_score: 0.21
2024-06-27 10:43:10,535 - INFO - Model weights after domain adaptation saved to ./weightqnoqo/saved_modelpathqf100domainkd25/model_epoch_87.pth
2024-06-27 10:43:10,535 - INFO - Epoch 88 starting...
2024-06-27 10:43:12,174 - INFO - Test accuracy: 77.08
2024-06-27 10:43:12,174 - INFO - Test value: 0.51, p_value: 1.3357935229202534e-18, ema: 0.0, risk_score: 0.13
2024-06-27 10:43:12,176 - INFO - Model weights saved to ./weightqnoqo/saved_modelpathqf100unlearningkd25/model_epoch_88.pth
2024-06-27 10:43:13,321 - INFO - Test accuracy: (51.2, 0.512)
2024-06-27 10:43:13,321 - INFO - After domain adaptation test value: 0.45, p_value: 2.8487464709233046e-22, ema: 0.0, risk_score: 0.11
2024-06-27 10:43:13,323 - INFO - Model weights after domain adaptation saved to ./weightqnoqo/saved_modelpathqf100domainkd25/model_epoch_88.pth
2024-06-27 10:43:13,323 - INFO - Epoch 89 starting...
2024-06-27 10:43:14,964 - INFO - Test accuracy: 77.86
2024-06-27 10:43:14,964 - INFO - Test value: 0.4, p_value: 7.471909577558926e-26, ema: 0.0, risk_score: 0.14
2024-06-27 10:43:14,966 - INFO - Model weights saved to ./weightqnoqo/saved_modelpathqf100unlearningkd25/model_epoch_89.pth
2024-06-27 10:43:16,114 - INFO - Test accuracy: (58.34, 0.5834)
2024-06-27 10:43:16,114 - INFO - After domain adaptation test value: 0.62, p_value: 3.697129762300794e-13, ema: 0.0, risk_score: 0.15
2024-06-27 10:43:16,116 - INFO - Model weights after domain adaptation saved to ./weightqnoqo/saved_modelpathqf100domainkd25/model_epoch_89.pth
2024-06-27 10:43:16,116 - INFO - Epoch 90 starting...
2024-06-27 10:43:17,803 - INFO - Test accuracy: 77.76
2024-06-27 10:43:17,804 - INFO - Test value: 0.43, p_value: 1.220819215331023e-23, ema: 0.0, risk_score: 0.19
2024-06-27 10:43:17,806 - INFO - Model weights saved to ./weightqnoqo/saved_modelpathqf100unlearningkd25/model_epoch_90.pth
2024-06-27 10:43:18,979 - INFO - Test accuracy: (33.58, 0.3358)
2024-06-27 10:43:18,979 - INFO - After domain adaptation test value: 0.66, p_value: 1.7196200799007164e-11, ema: 0.0, risk_score: 0.1
2024-06-27 10:43:18,982 - INFO - Model weights after domain adaptation saved to ./weightqnoqo/saved_modelpathqf100domainkd25/model_epoch_90.pth
2024-06-27 10:43:18,982 - INFO - Epoch 91 starting...
2024-06-27 10:43:20,617 - INFO - Test accuracy: 77.78
2024-06-27 10:43:20,617 - INFO - Test value: 0.34, p_value: 5.490822201061564e-31, ema: 0.0, risk_score: 0.14
2024-06-27 10:43:20,619 - INFO - Model weights saved to ./weightqnoqo/saved_modelpathqf100unlearningkd25/model_epoch_91.pth
2024-06-27 10:43:21,771 - INFO - Test accuracy: (50.38, 0.5038)
2024-06-27 10:43:21,771 - INFO - After domain adaptation test value: 0.46, p_value: 1.2866965296964952e-21, ema: 0.0, risk_score: 0.22
2024-06-27 10:43:21,773 - INFO - Model weights after domain adaptation saved to ./weightqnoqo/saved_modelpathqf100domainkd25/model_epoch_91.pth
2024-06-27 10:43:21,773 - INFO - Epoch 92 starting...
2024-06-27 10:43:23,410 - INFO - Test accuracy: 76.62
2024-06-27 10:43:23,410 - INFO - Test value: 0.68, p_value: 1.0449223161892874e-10, ema: 0.0, risk_score: 0.2
2024-06-27 10:43:23,412 - INFO - Model weights saved to ./weightqnoqo/saved_modelpathqf100unlearningkd25/model_epoch_92.pth
2024-06-27 10:43:24,551 - INFO - Test accuracy: (40.6, 0.406)
2024-06-27 10:43:24,551 - INFO - After domain adaptation test value: 0.47, p_value: 5.572510406087506e-21, ema: 0.0, risk_score: 0.19
2024-06-27 10:43:24,553 - INFO - Model weights after domain adaptation saved to ./weightqnoqo/saved_modelpathqf100domainkd25/model_epoch_92.pth
2024-06-27 10:43:24,553 - INFO - Epoch 93 starting...
2024-06-27 10:43:26,182 - INFO - Test accuracy: 77.08
2024-06-27 10:43:26,182 - INFO - Test value: 0.58, p_value: 5.613672374359885e-15, ema: 0.0, risk_score: 0.18
2024-06-27 10:43:26,184 - INFO - Model weights saved to ./weightqnoqo/saved_modelpathqf100unlearningkd25/model_epoch_93.pth
2024-06-27 10:43:27,341 - INFO - Test accuracy: (45.76, 0.4576)
2024-06-27 10:43:27,341 - INFO - After domain adaptation test value: 0.64, p_value: 2.6252346194881813e-12, ema: 0.0, risk_score: 0.27
2024-06-27 10:43:27,343 - INFO - Model weights after domain adaptation saved to ./weightqnoqo/saved_modelpathqf100domainkd25/model_epoch_93.pth
2024-06-27 10:43:27,343 - INFO - Epoch 94 starting...
2024-06-27 10:43:28,981 - INFO - Test accuracy: 75.8
2024-06-27 10:43:28,981 - INFO - Test value: 0.59, p_value: 1.657019668191868e-14, ema: 0.0, risk_score: 0.2
2024-06-27 10:43:28,983 - INFO - Model weights saved to ./weightqnoqo/saved_modelpathqf100unlearningkd25/model_epoch_94.pth
2024-06-27 10:43:30,214 - INFO - Test accuracy: (46.22, 0.4622)
2024-06-27 10:43:30,214 - INFO - After domain adaptation test value: 0.52, p_value: 4.814604274695541e-18, ema: 0.0, risk_score: 0.21
2024-06-27 10:43:30,217 - INFO - Model weights after domain adaptation saved to ./weightqnoqo/saved_modelpathqf100domainkd25/model_epoch_94.pth
2024-06-27 10:43:30,217 - INFO - Epoch 95 starting...
2024-06-27 10:43:31,861 - INFO - Test accuracy: 78.16
2024-06-27 10:43:31,861 - INFO - Test value: 0.67, p_value: 4.277513385979863e-11, ema: 0.0, risk_score: 0.2
2024-06-27 10:43:31,863 - INFO - Model weights saved to ./weightqnoqo/saved_modelpathqf100unlearningkd25/model_epoch_95.pth
2024-06-27 10:43:32,995 - INFO - Test accuracy: (52.1, 0.521)
2024-06-27 10:43:32,995 - INFO - After domain adaptation test value: 0.64, p_value: 2.6252346194881813e-12, ema: 0.0, risk_score: 0.09
2024-06-27 10:43:32,997 - INFO - Model weights after domain adaptation saved to ./weightqnoqo/saved_modelpathqf100domainkd25/model_epoch_95.pth
2024-06-27 10:43:32,997 - INFO - Epoch 96 starting...
2024-06-27 10:43:34,626 - INFO - Test accuracy: 77.54
2024-06-27 10:43:34,626 - INFO - Test value: 0.49, p_value: 9.28389403134107e-20, ema: 0.0, risk_score: 0.13
2024-06-27 10:43:34,629 - INFO - Model weights saved to ./weightqnoqo/saved_modelpathqf100unlearningkd25/model_epoch_96.pth
2024-06-27 10:43:35,781 - INFO - Test accuracy: (41.04, 0.4104)
2024-06-27 10:43:35,782 - INFO - After domain adaptation test value: 0.49, p_value: 9.28389403134107e-20, ema: 0.0, risk_score: 0.09
2024-06-27 10:43:35,784 - INFO - Model weights after domain adaptation saved to ./weightqnoqo/saved_modelpathqf100domainkd25/model_epoch_96.pth
2024-06-27 10:43:35,784 - INFO - Epoch 97 starting...
2024-06-27 10:43:37,419 - INFO - Test accuracy: 77.26
2024-06-27 10:43:37,419 - INFO - Test value: 0.36, p_value: 3.714445184704467e-29, ema: 0.0, risk_score: 0.13
2024-06-27 10:43:37,421 - INFO - Model weights saved to ./weightqnoqo/saved_modelpathqf100unlearningkd25/model_epoch_97.pth
2024-06-27 10:43:38,566 - INFO - Test accuracy: (54.82, 0.5482)
2024-06-27 10:43:38,566 - INFO - After domain adaptation test value: 0.47, p_value: 5.572510406087506e-21, ema: 0.0, risk_score: 0.18
2024-06-27 10:43:38,569 - INFO - Model weights after domain adaptation saved to ./weightqnoqo/saved_modelpathqf100domainkd25/model_epoch_97.pth
2024-06-27 10:43:38,569 - INFO - Epoch 98 starting...
2024-06-27 10:43:40,210 - INFO - Test accuracy: 76.8
2024-06-27 10:43:40,210 - INFO - Test value: 0.46, p_value: 1.2866965296964952e-21, ema: 0.0, risk_score: 0.13
2024-06-27 10:43:40,212 - INFO - Model weights saved to ./weightqnoqo/saved_modelpathqf100unlearningkd25/model_epoch_98.pth
2024-06-27 10:43:41,363 - INFO - Test accuracy: (46.84, 0.4684)
2024-06-27 10:43:41,363 - INFO - After domain adaptation test value: 0.68, p_value: 1.0449223161892874e-10, ema: 0.0, risk_score: 0.12
2024-06-27 10:43:41,366 - INFO - Model weights after domain adaptation saved to ./weightqnoqo/saved_modelpathqf100domainkd25/model_epoch_98.pth
2024-06-27 10:43:41,366 - INFO - Epoch 99 starting...
2024-06-27 10:43:43,043 - INFO - Test accuracy: 77.34
2024-06-27 10:43:43,043 - INFO - Test value: 0.5, p_value: 3.583806797021001e-19, ema: 0.0, risk_score: 0.14
2024-06-27 10:43:43,045 - INFO - Model weights saved to ./weightqnoqo/saved_modelpathqf100unlearningkd25/model_epoch_99.pth
2024-06-27 10:43:44,229 - INFO - Test accuracy: (49.94, 0.4994)
2024-06-27 10:43:44,229 - INFO - After domain adaptation test value: 0.83, p_value: 1.1428753275596726e-05, ema: 0.0, risk_score: 0.18
2024-06-27 10:43:44,231 - INFO - Model weights after domain adaptation saved to ./weightqnoqo/saved_modelpathqf100domainkd25/model_epoch_99.pth
